<?xml version="1.0" encoding="UTF-8"?>
<testsuite xmlns:xsi="http://www.w3.org/2001/XMLSchema-instance" xsi:noNamespaceSchemaLocation="https://maven.apache.org/surefire/maven-surefire-plugin/xsd/surefire-test-report.xsd" version="3.0.2" name="com.voicepay.ivr.service.IvrServiceTest" time="1.147" tests="8" errors="0" skipped="0" failures="0" flakes="0">
  <properties>
[...]
</properties>
  <testcase name="handleIncomingCall_createsLiveCall_whenUserFound" classname="IvrService — Tests Unitarios" time="1.076">
    <system-out><![CDATA[01:23:04.345 [main] INFO com.voicepay.ivr.service.IvrService -- Incoming call from: +34611223344
]]></system-out>
    <system-err><![CDATA[Mockito is currently self-attaching to enable the inline-mock-maker. This will no longer work in future releases of the JDK. Please add Mockito as an agent to your build as described in Mockito's documentation: https://javadoc.io/doc/org.mockito/mockito-core/latest/org.mockito/org/mockito/Mockito.html#0.3
WARNING: A Java agent has been loaded dynamically (C:\Users\Richard Mateo Obando\.m2\repository\net\bytebuddy\byte-buddy-agent\1.17.8\byte-buddy-agent-1.17.8.jar)
WARNING: If a serviceability tool is in use, please run with -XX:+EnableDynamicAgentLoading to hide this warning
WARNING: If a serviceability tool is not in use, please run with -Djdk.instrument.traceUsage for more information
WARNING: Dynamic loading of agents will be disallowed by default in a future release
]]></system-err>
  </testcase>
  <testcase name="handleIncomingCall_setsInitialStatus_waitingConfirmation" classname="IvrService — Tests Unitarios" time="0.004">
    <system-out><![CDATA[01:23:04.439 [main] INFO com.voicepay.ivr.service.IvrService -- Incoming call from: +34611223344
]]></system-out>
  </testcase>
  <testcase name="getLiveCalls_returnsEmpty_initially" classname="IvrService — Tests Unitarios" time="0.003"/>
  <testcase name="handleIncomingCall_returnsHangup_whenUserNotFound" classname="IvrService — Tests Unitarios" time="0.009">
    <system-out><![CDATA[01:23:04.452 [main] INFO com.voicepay.ivr.service.IvrService -- Incoming call from: +34611223344
01:23:04.454 [main] ERROR com.voicepay.ivr.service.IvrService -- User not found or error calling User Service: User not found
]]></system-out>
  </testcase>
  <testcase name="confirmPayment_returnsSuccess_whenPaymentWorks" classname="IvrService — Tests Unitarios" time="0.011">
    <system-out><![CDATA[01:23:04.459 [main] INFO com.voicepay.ivr.service.IvrService -- Incoming call from: +34611223344
01:23:04.460 [main] INFO com.voicepay.ivr.service.IvrService -- Confirming payment for user: 2
]]></system-out>
  </testcase>
  <testcase name="getLiveCalls_returnsActiveCalls" classname="IvrService — Tests Unitarios" time="0.003">
    <system-out><![CDATA[01:23:04.469 [main] INFO com.voicepay.ivr.service.IvrService -- Incoming call from: +34611223344
]]></system-out>
  </testcase>
  <testcase name="confirmPayment_setsProcessingStatus" classname="IvrService — Tests Unitarios" time="0.007">
    <system-out><![CDATA[01:23:04.473 [main] INFO com.voicepay.ivr.service.IvrService -- Incoming call from: +34611223344
01:23:04.474 [main] INFO com.voicepay.ivr.service.IvrService -- Confirming payment for user: 2
]]></system-out>
  </testcase>
  <testcase name="confirmPayment_returnsError_whenPaymentServiceFails" classname="IvrService — Tests Unitarios" time="0.005">
    <system-out><![CDATA[01:23:04.481 [main] INFO com.voicepay.ivr.service.IvrService -- Incoming call from: +34611223344
01:23:04.482 [main] INFO com.voicepay.ivr.service.IvrService -- Confirming payment for user: 2
01:23:04.483 [main] ERROR com.voicepay.ivr.service.IvrService -- Error processing payment: Payment service down
]]></system-out>
  </testcase>
</testsuite>